
  .   ____          _            __ _ _
 /\\ / ___'_ __ _ _(_)_ __  __ _ \ \ \ \
( ( )\___ | '_ | '_| | '_ \/ _` | \ \ \ \
 \\/  ___)| |_)| | | | | || (_| |  ) ) ) )
  '  |____| .__|_| |_|_| |_\__, | / / / /
 =========|_|==============|___/=/_/_/_/
 :: Spring Boot ::        (v2.2.1.RELEASE)

2022-08-29 15:44:00.466  INFO 92027 --- [           main] net.codejava.SalesManager                : Starting SalesManager v0.0.1-SNAPSHOT on cci-tsvizandany-4mxcc with PID 92027 (/Users/tsvi/git_projects/circleci_projects/springboot_liquibase_oracle/target/SalesManager-0.0.1-SNAPSHOT.jar started by tsvi in /Users/tsvi/git_projects/circleci_projects/springboot_liquibase_oracle)
2022-08-29 15:44:00.467  INFO 92027 --- [           main] net.codejava.SalesManager                : No active profile set, falling back to default profiles: default
2022-08-29 15:44:00.998  INFO 92027 --- [           main] o.s.b.w.embedded.tomcat.TomcatWebServer  : Tomcat initialized with port(s): 8086 (http)
2022-08-29 15:44:01.002  INFO 92027 --- [           main] o.apache.catalina.core.StandardService   : Starting service [Tomcat]
2022-08-29 15:44:01.002  INFO 92027 --- [           main] org.apache.catalina.core.StandardEngine  : Starting Servlet engine: [Apache Tomcat/9.0.27]
2022-08-29 15:44:01.032  INFO 92027 --- [           main] o.a.c.c.C.[Tomcat].[localhost].[/]       : Initializing Spring embedded WebApplicationContext
2022-08-29 15:44:01.032  INFO 92027 --- [           main] o.s.web.context.ContextLoader            : Root WebApplicationContext: initialization completed in 543 ms
2022-08-29 15:44:01.208  INFO 92027 --- [           main] com.zaxxer.hikari.HikariDataSource       : HikariPool-1 - Starting...
2022-08-29 15:44:01.959  INFO 92027 --- [           main] com.zaxxer.hikari.HikariDataSource       : HikariPool-1 - Start completed.
2022-08-29 15:44:01.984  INFO 92027 --- [           main] liquibase.database                       : Could not set remarks reporting on OracleDatabase: com.zaxxer.hikari.pool.HikariProxyConnection.setRemarksReporting(boolean)
2022-08-29 15:44:03.689  INFO 92027 --- [           main] liquibase.lockservice                    : Successfully acquired change log lock
2022-08-29 15:44:10.664  INFO 92027 --- [           main] liquibase.changelog                      : Reading from SYSTEM.DATABASECHANGELOG
2022-08-29 15:44:12.227  INFO 92027 --- [           main] liquibase.lockservice                    : Successfully released change log lock
2022-08-29 15:44:12.372  INFO 92027 --- [           main] o.s.s.concurrent.ThreadPoolTaskExecutor  : Initializing ExecutorService 'applicationTaskExecutor'
2022-08-29 15:44:12.415  INFO 92027 --- [           main] o.s.b.a.w.s.WelcomePageHandlerMapping    : Adding welcome page template: index
2022-08-29 15:44:12.492  INFO 92027 --- [           main] o.s.b.w.embedded.tomcat.TomcatWebServer  : Tomcat started on port(s): 8086 (http) with context path ''
2022-08-29 15:44:12.494  INFO 92027 --- [           main] net.codejava.SalesManager                : Started SalesManager in 12.191 seconds (JVM running for 12.395)
2022-08-29 15:44:14.922  INFO 92027 --- [extShutdownHook] o.s.s.concurrent.ThreadPoolTaskExecutor  : Shutting down ExecutorService 'applicationTaskExecutor'
2022-08-29 15:44:14.924  INFO 92027 --- [extShutdownHook] com.zaxxer.hikari.HikariDataSource       : HikariPool-1 - Shutdown initiated...
2022-08-29 15:44:15.509  INFO 92027 --- [extShutdownHook] com.zaxxer.hikari.HikariDataSource       : HikariPool-1 - Shutdown completed.

  .   ____          _            __ _ _
 /\\ / ___'_ __ _ _(_)_ __  __ _ \ \ \ \
( ( )\___ | '_ | '_| | '_ \/ _` | \ \ \ \
 \\/  ___)| |_)| | | | | || (_| |  ) ) ) )
  '  |____| .__|_| |_|_| |_\__, | / / / /
 =========|_|==============|___/=/_/_/_/
 :: Spring Boot ::        (v2.2.1.RELEASE)

2022-08-29 15:44:26.173  INFO 92154 --- [           main] net.codejava.SalesManager                : Starting SalesManager v0.0.1-SNAPSHOT on cci-tsvizandany-4mxcc with PID 92154 (/Users/tsvi/git_projects/circleci_projects/springboot_liquibase_oracle/target/SalesManager-0.0.1-SNAPSHOT.jar started by tsvi in /Users/tsvi/git_projects/circleci_projects/springboot_liquibase_oracle)
2022-08-29 15:44:26.174  INFO 92154 --- [           main] net.codejava.SalesManager                : No active profile set, falling back to default profiles: default
2022-08-29 15:44:26.708  INFO 92154 --- [           main] o.s.b.w.embedded.tomcat.TomcatWebServer  : Tomcat initialized with port(s): 8086 (http)
2022-08-29 15:44:26.713  INFO 92154 --- [           main] o.apache.catalina.core.StandardService   : Starting service [Tomcat]
2022-08-29 15:44:26.713  INFO 92154 --- [           main] org.apache.catalina.core.StandardEngine  : Starting Servlet engine: [Apache Tomcat/9.0.27]
2022-08-29 15:44:26.740  INFO 92154 --- [           main] o.a.c.c.C.[Tomcat].[localhost].[/]       : Initializing Spring embedded WebApplicationContext
2022-08-29 15:44:26.740  INFO 92154 --- [           main] o.s.web.context.ContextLoader            : Root WebApplicationContext: initialization completed in 542 ms
2022-08-29 15:44:26.916  INFO 92154 --- [           main] com.zaxxer.hikari.HikariDataSource       : HikariPool-1 - Starting...
2022-08-29 15:44:27.685  INFO 92154 --- [           main] com.zaxxer.hikari.HikariDataSource       : HikariPool-1 - Start completed.
2022-08-29 15:44:27.716  INFO 92154 --- [           main] liquibase.database                       : Could not set remarks reporting on OracleDatabase: com.zaxxer.hikari.pool.HikariProxyConnection.setRemarksReporting(boolean)
2022-08-29 15:44:29.470  INFO 92154 --- [           main] liquibase.lockservice                    : Successfully acquired change log lock
2022-08-29 15:44:36.625  INFO 92154 --- [           main] liquibase.changelog                      : Reading from SYSTEM.DATABASECHANGELOG
2022-08-29 15:44:38.295  INFO 92154 --- [           main] liquibase.lockservice                    : Successfully released change log lock
2022-08-29 15:44:38.472  INFO 92154 --- [           main] o.s.s.concurrent.ThreadPoolTaskExecutor  : Initializing ExecutorService 'applicationTaskExecutor'
2022-08-29 15:44:38.510  INFO 92154 --- [           main] o.s.b.a.w.s.WelcomePageHandlerMapping    : Adding welcome page template: index
2022-08-29 15:44:38.582  INFO 92154 --- [           main] o.s.b.w.embedded.tomcat.TomcatWebServer  : Tomcat started on port(s): 8086 (http) with context path ''
2022-08-29 15:44:38.583  INFO 92154 --- [           main] net.codejava.SalesManager                : Started SalesManager in 12.595 seconds (JVM running for 12.805)
2022-08-29 15:44:43.500  INFO 92154 --- [nio-8086-exec-1] o.a.c.c.C.[Tomcat].[localhost].[/]       : Initializing Spring DispatcherServlet 'dispatcherServlet'
2022-08-29 15:44:43.500  INFO 92154 --- [nio-8086-exec-1] o.s.web.servlet.DispatcherServlet        : Initializing Servlet 'dispatcherServlet'
2022-08-29 15:44:43.504  INFO 92154 --- [nio-8086-exec-1] o.s.web.servlet.DispatcherServlet        : Completed initialization in 4 ms
2022-08-29 15:44:46.322  INFO 92154 --- [extShutdownHook] o.s.s.concurrent.ThreadPoolTaskExecutor  : Shutting down ExecutorService 'applicationTaskExecutor'
2022-08-29 15:44:46.323  INFO 92154 --- [extShutdownHook] com.zaxxer.hikari.HikariDataSource       : HikariPool-1 - Shutdown initiated...
2022-08-29 15:44:46.903  INFO 92154 --- [extShutdownHook] com.zaxxer.hikari.HikariDataSource       : HikariPool-1 - Shutdown completed.

  .   ____          _            __ _ _
 /\\ / ___'_ __ _ _(_)_ __  __ _ \ \ \ \
( ( )\___ | '_ | '_| | '_ \/ _` | \ \ \ \
 \\/  ___)| |_)| | | | | || (_| |  ) ) ) )
  '  |____| .__|_| |_|_| |_\__, | / / / /
 =========|_|==============|___/=/_/_/_/
 :: Spring Boot ::        (v2.2.1.RELEASE)

2022-08-29 15:45:03.250  INFO 92273 --- [           main] net.codejava.SalesManager                : Starting SalesManager v0.0.1-SNAPSHOT on cci-tsvizandany-4mxcc with PID 92273 (/Users/tsvi/git_projects/circleci_projects/springboot_liquibase_oracle/target/SalesManager-0.0.1-SNAPSHOT.jar started by tsvi in /Users/tsvi/git_projects/circleci_projects/springboot_liquibase_oracle)
2022-08-29 15:45:03.252  INFO 92273 --- [           main] net.codejava.SalesManager                : No active profile set, falling back to default profiles: default
2022-08-29 15:45:03.769  INFO 92273 --- [           main] o.s.b.w.embedded.tomcat.TomcatWebServer  : Tomcat initialized with port(s): 8086 (http)
2022-08-29 15:45:03.773  INFO 92273 --- [           main] o.apache.catalina.core.StandardService   : Starting service [Tomcat]
2022-08-29 15:45:03.774  INFO 92273 --- [           main] org.apache.catalina.core.StandardEngine  : Starting Servlet engine: [Apache Tomcat/9.0.27]
2022-08-29 15:45:03.802  INFO 92273 --- [           main] o.a.c.c.C.[Tomcat].[localhost].[/]       : Initializing Spring embedded WebApplicationContext
2022-08-29 15:45:03.802  INFO 92273 --- [           main] o.s.web.context.ContextLoader            : Root WebApplicationContext: initialization completed in 529 ms
2022-08-29 15:45:03.976  INFO 92273 --- [           main] com.zaxxer.hikari.HikariDataSource       : HikariPool-1 - Starting...
2022-08-29 15:45:04.739  INFO 92273 --- [           main] com.zaxxer.hikari.HikariDataSource       : HikariPool-1 - Start completed.
2022-08-29 15:45:04.770  INFO 92273 --- [           main] liquibase.database                       : Could not set remarks reporting on OracleDatabase: com.zaxxer.hikari.pool.HikariProxyConnection.setRemarksReporting(boolean)
2022-08-29 15:45:06.546  INFO 92273 --- [           main] liquibase.lockservice                    : Successfully acquired change log lock
2022-08-29 15:45:13.830  INFO 92273 --- [           main] liquibase.changelog                      : Reading from SYSTEM.DATABASECHANGELOG
2022-08-29 15:45:15.472  INFO 92273 --- [           main] liquibase.lockservice                    : Successfully released change log lock
2022-08-29 15:45:15.652  INFO 92273 --- [           main] o.s.s.concurrent.ThreadPoolTaskExecutor  : Initializing ExecutorService 'applicationTaskExecutor'
2022-08-29 15:45:15.683  INFO 92273 --- [           main] o.s.b.a.w.s.WelcomePageHandlerMapping    : Adding welcome page template: index
2022-08-29 15:45:15.740  INFO 92273 --- [           main] o.s.b.w.embedded.tomcat.TomcatWebServer  : Tomcat started on port(s): 8086 (http) with context path ''
2022-08-29 15:45:15.742  INFO 92273 --- [           main] net.codejava.SalesManager                : Started SalesManager in 12.661 seconds (JVM running for 12.862)
2022-08-29 15:45:19.049  INFO 92273 --- [nio-8086-exec-1] o.a.c.c.C.[Tomcat].[localhost].[/]       : Initializing Spring DispatcherServlet 'dispatcherServlet'
2022-08-29 15:45:19.049  INFO 92273 --- [nio-8086-exec-1] o.s.web.servlet.DispatcherServlet        : Initializing Servlet 'dispatcherServlet'
2022-08-29 15:45:19.053  INFO 92273 --- [nio-8086-exec-1] o.s.web.servlet.DispatcherServlet        : Completed initialization in 4 ms
2022-08-29 15:45:57.293  INFO 92273 --- [extShutdownHook] o.s.s.concurrent.ThreadPoolTaskExecutor  : Shutting down ExecutorService 'applicationTaskExecutor'
2022-08-29 15:45:57.293  INFO 92273 --- [extShutdownHook] com.zaxxer.hikari.HikariDataSource       : HikariPool-1 - Shutdown initiated...
2022-08-29 15:45:57.877  INFO 92273 --- [extShutdownHook] com.zaxxer.hikari.HikariDataSource       : HikariPool-1 - Shutdown completed.
